TIMESTAMP,METHOD,100-CNT,100-AVG,100-STD,100-MAX,180-CNT,180-AVG,180-STD,180-MAX,200-CNT,200-AVG,200-STD,200-MAX
1522682504,INVITE,0,0.00,0.00,0,442,29.56,36.19,136,165,555.08,20.79,629
1522682505,INVITE,0,0.00,0.00,0,498,249.83,81.90,402,473,702.02,77.34,876
1522682506,INVITE,0,0.00,0.00,0,553,425.95,28.91,496,552,911.09,55.14,1032
1522682507,INVITE,0,0.00,0.00,0,586,521.08,81.36,809,560,995.90,49.56,1175
1522682508,INVITE,0,0.00,0.00,0,1011,745.74,94.25,888,479,1124.18,56.32,1312
1522682509,INVITE,0,0.00,0.00,0,1557,918.44,137.19,1228,623,1274.48,29.07,1408
1522682510,INVITE,0,0.00,0.00,0,1496,519.94,227.25,1195,893,1015.22,167.39,1368
1522682511,INVITE,0,0.00,0.00,0,615,33.02,85.37,387,657,649.46,165.48,1264
1522682512,INVITE,0,0.00,0.00,0,612,11.98,38.76,222,646,634.13,231.79,1404
1522682513,INVITE,0,0.00,0.00,0,609,29.80,66.63,277,560,612.74,204.68,1119
1522682514,INVITE,0,0.00,0.00,0,601,10.33,15.93,90,666,598.32,148.10,1040
1522682515,INVITE,0,0.00,0.00,0,597,10.71,22.24,104,587,522.25,44.93,1004
1522682516,INVITE,0,0.00,0.00,0,595,6.26,17.98,137,601,542.64,75.86,746
1522682517,INVITE,0,0.00,0.00,0,598,11.10,24.24,158,581,559.23,93.53,854
1522682518,INVITE,0,0.00,0.00,0,578,26.51,57.98,319,540,602.72,177.97,1221
1522682519,INVITE,0,0.00,0.00,0,624,21.21,48.27,229,519,627.93,345.03,1725
1522682520,INVITE,0,0.00,0.00,0,608,10.63,21.14,143,802,772.67,420.51,1740
1522682521,INVITE,0,0.00,0.00,0,600,1.67,0.80,6,585,506.89,7.94,548
1522682522,INVITE,0,0.00,0.00,0,600,1.63,0.69,5,618,504.18,1.37,513
1522682523,INVITE,0,0.00,0.00,0,600,1.69,0.81,7,593,504.15,1.31,511
1522682524,INVITE,0,0.00,0.00,0,600,1.66,0.73,6,598,504.24,1.30,510
1522682525,INVITE,0,0.00,0.00,0,600,1.73,0.85,8,602,504.13,1.24,510
1522682526,INVITE,0,0.00,0.00,0,600,1.64,0.79,8,597,505.02,20.50,1004
1522682527,INVITE,0,0.00,0.00,0,600,1.69,0.76,5,613,504.17,1.40,514
1522682528,INVITE,0,0.00,0.00,0,600,1.71,0.76,5,596,504.17,1.38,518
1522682529,INVITE,0,0.00,0.00,0,599,1.64,0.83,8,592,504.15,1.37,512
1522682530,INVITE,0,0.00,0.00,0,601,2.55,20.38,501,605,504.94,20.37,1004
1522682531,INVITE,0,0.00,0.00,0,600,1.74,0.83,9,603,504.16,1.34,512
1522682532,INVITE,0,0.00,0.00,0,600,1.67,0.73,7,600,504.09,1.31,513
1522682533,INVITE,0,0.00,0.00,0,600,1.71,0.82,9,598,504.26,1.54,512
1522682534,INVITE,0,0.00,0.00,0,600,1.87,2.19,33,594,505.30,6.89,569
1522682535,INVITE,0,0.00,0.00,0,600,1.72,0.76,5,604,504.32,2.47,536
1522682536,INVITE,0,0.00,0.00,0,600,1.73,0.81,6,600,504.25,1.41,515
1522682537,INVITE,0,0.00,0.00,0,600,1.63,0.79,7,596,504.08,1.33,514
1522682538,INVITE,0,0.00,0.00,0,600,1.57,0.76,5,598,504.09,1.36,513
1522682539,INVITE,0,0.00,0.00,0,600,1.64,0.79,6,609,504.00,1.31,512
1522682540,INVITE,0,0.00,0.00,0,584,12.30,29.87,152,502,519.51,54.37,823
1522682541,INVITE,0,0.00,0.00,0,569,57.07,93.33,287,459,625.28,228.37,1621
1522682542,INVITE,0,0.00,0.00,0,574,134.78,253.36,1015,482,679.66,345.29,2397
1522682543,INVITE,0,0.00,0.00,0,582,229.10,417.62,1468,501,583.37,347.93,3250
1522682544,INVITE,0,0.00,0.00,0,669,508.80,728.49,1843,454,582.34,468.27,4283
1522682545,INVITE,0,0.00,0.00,0,689,337.91,775.93,2904,516,573.58,510.80,5329
1522682546,INVITE,0,0.00,0.00,0,737,717.06,986.56,2857,618,957.56,1402.16,5748
1522682547,INVITE,0,0.00,0.00,0,622,497.44,861.72,2551,448,1231.53,1873.91,6539
1522682548,INVITE,0,0.00,0.00,0,705,374.81,714.81,2222,409,956.24,1574.67,7356
1522682549,INVITE,0,0.00,0.00,0,709,481.76,1114.70,3268,767,961.49,1367.93,8149
1522682550,INVITE,0,0.00,0.00,0,605,46.72,301.40,3355,791,2388.85,3282.89,8581
1522682551,INVITE,0,0.00,0.00,0,600,16.29,30.32,501,941,2283.39,2683.35,9492
1522682552,INVITE,0,0.00,0.00,0,600,1.70,0.84,6,567,504.58,2.38,529
1522682553,INVITE,0,0.00,0.00,0,600,1.67,0.97,13,614,504.22,1.57,515
1522682554,INVITE,0,0.00,0.00,0,600,1.55,0.66,5,591,504.87,20.60,1004
1522682555,INVITE,0,0.00,0.00,0,600,1.64,0.76,6,610,503.99,1.28,514
1522682556,INVITE,0,0.00,0.00,0,600,1.60,0.73,6,592,503.98,1.17,509
1522682557,INVITE,0,0.00,0.00,0,600,1.55,0.66,6,604,504.01,1.27,512
1522682558,INVITE,0,0.00,0.00,0,600,1.65,0.73,6,599,504.05,1.32,511
1522682559,INVITE,0,0.00,0.00,0,600,1.69,0.86,6,605,504.12,1.31,514
1522682560,INVITE,0,0.00,0.00,0,600,1.69,0.86,6,593,504.07,1.38,514
1522682561,INVITE,0,0.00,0.00,0,600,1.60,0.78,8,610,504.13,1.26,510
1522682562,INVITE,0,0.00,0.00,0,600,1.62,0.75,5,589,503.94,1.21,510
1522682563,INVITE,0,0.00,0.00,0,600,1.70,0.98,13,608,504.12,1.53,515
1522682564,INVITE,0,0.00,0.00,0,600,1.61,0.72,7,607,504.00,1.17,509
1522682565,INVITE,0,0.00,0.00,0,600,1.61,0.77,6,592,504.04,1.18,510
1522682566,INVITE,0,0.00,0.00,0,600,1.63,0.73,5,598,504.05,1.33,514
1522682567,INVITE,0,0.00,0.00,0,600,1.64,0.79,7,599,504.03,1.21,510
1522682568,INVITE,0,0.00,0.00,0,600,1.59,0.69,5,594,504.06,1.24,511
1522682569,INVITE,0,0.00,0.00,0,600,1.78,1.19,12,610,504.15,1.51,520
1522682570,INVITE,0,0.00,0.00,0,600,1.61,0.81,8,590,504.32,1.65,514
1522682571,INVITE,0,0.00,0.00,0,600,1.65,0.76,6,612,504.03,1.33,512
1522682572,INVITE,0,0.00,0.00,0,600,1.65,0.78,7,608,504.11,1.42,515
1522682573,INVITE,0,0.00,0.00,0,600,1.63,0.82,10,583,504.21,1.43,512
1522682574,INVITE,0,0.00,0.00,0,600,1.60,0.75,5,609,504.04,1.31,513
1522682575,INVITE,0,0.00,0.00,0,600,1.69,0.85,9,601,504.05,1.38,516
1522682576,INVITE,0,0.00,0.00,0,600,1.69,0.85,7,601,504.19,1.35,513
1522682577,INVITE,0,0.00,0.00,0,600,1.61,0.77,6,590,504.12,1.36,512
1522682578,INVITE,0,0.00,0.00,0,600,1.63,0.80,6,615,504.12,1.35,512
1522682579,INVITE,0,0.00,0.00,0,600,1.64,0.78,7,595,504.08,1.26,511
1522682580,INVITE,0,0.00,0.00,0,600,1.59,0.75,7,594,504.02,1.26,510
1522682581,INVITE,0,0.00,0.00,0,600,1.67,0.76,5,604,504.08,1.27,510
1522682582,INVITE,0,0.00,0.00,0,600,1.63,0.79,8,603,503.97,1.14,509
1522682583,INVITE,0,0.00,0.00,0,600,1.63,0.80,6,599,504.97,20.46,1004
1522682584,INVITE,0,0.00,0.00,0,600,1.65,0.75,6,601,504.10,1.27,511
1522682585,INVITE,0,0.00,0.00,0,600,1.61,0.78,8,592,504.04,1.46,519
1522682586,INVITE,0,0.00,0.00,0,600,1.61,0.76,6,598,503.95,1.18,511
1522682589,INVITE,0,0.00,0.00,0,205,1.68,0.74,6,493,504.08,1.35,510
